[0mPOST /api/v1/token [33m404 [0m67.509 ms - 24[0m
[0mPOST /api/v1/token [33m404 [0m1.713 ms - 24[0m
[0mPOST /api/v1/token [33m404 [0m1.680 ms - 24[0m
[0mGET /api/v1 [33m404 [0m5.292 ms - 1219[0m
[0mGET /api-docs [33m404 [0m0.571 ms - 1236[0m
[0mGET /api-docs [33m404 [0m0.695 ms - 1236[0m
[0mGET /api/v1 [33m404 [0m5.781 ms - 1219[0m
[0mGET /api-docs [33m404 [0m0.522 ms - 1247[0m
[0mGET /api-docs/ [33m404 [0m4.976 ms - 1236[0m
[0mGET /api-docs [33m404 [0m4.134 ms - 1236[0m
[0mGET /api-docs [33m404 [0m0.495 ms - 1236[0m
[0mPOST /token [33m404 [0m195.430 ms - 1236[0m
[0mGET /api/v1/api-docs [33m404 [0m4.117 ms - 1219[0m
[0mGET /api-docs [33m404 [0m0.650 ms - 1236[0m
[0mPOST /api/v1/token [33m404 [0m26.726 ms - 24[0m
[0mPOST /api/v1/upload [31m500 [0m34.061 ms - 1279[0m
[0mPOST /api/v1/customer [31m500 [0m21.186 ms - 2281[0m
[0mPOST /api/v1/customer [31m500 [0m16.318 ms - 2281[0m
[0mPOST /api/v1/customer [31m500 [0m17.854 ms - 2281[0m
[0mPOST /api/v1/customer [31m500 [0m17.996 ms - 2281[0m
[0mPOST /api/v1/customer [31m500 [0m19.054 ms - 2281[0m
